--------------------------------------------------------------------------------
Release 8.2i Trace 
Copyright (c) 1995-2006 Xilinx, Inc.  All rights reserved.

C:\Xilinx\bin\nt\trce.exe -ise E:/AzMemari/Az7/Az7.ise -intstyle ise -e 3 -l 3
-s 5 -xml Computer Computer.ncd -o Computer.twr Computer.pcf -ucf Computer.ucf

Design file:              computer.ncd
Physical constraint file: computer.pcf
Device,speed:             xc3s400,-5 (PRODUCTION 1.38 2006-05-03)
Report level:             error report

Environment Variable      Effect 
--------------------      ------ 
NONE                      No environment variables were set
--------------------------------------------------------------------------------

INFO:Timing:2698 - No timing constraints found, doing default enumeration.
INFO:Timing:2752 - To get complete path coverage, use the unconstrained paths 
   option. All paths that are not constrained will be reported in the 
   unconstrained paths section(s) of the report.



Data Sheet report:
-----------------
All values displayed in nanoseconds (ns)

Setup/Hold to clock c2
------------+------------+------------+------------------+--------+
            |  Setup to  |  Hold to   |                  | Clock  |
Source      | clk (edge) | clk (edge) |Internal Clock(s) | Phase  |
------------+------------+------------+------------------+--------+
c1          |    0.587(F)|    2.087(F)|c2_BUFGP          |   0.000|
------------+------------+------------+------------------+--------+


Analysis completed Sun Dec 01 20:44:25 2019
--------------------------------------------------------------------------------

Trace Settings:
-------------------------
Trace Settings 

Peak Memory Usage: 113 MB



