--------------------------------------------------------------------------------
Release 8.2i Trace 
Copyright (c) 1995-2006 Xilinx, Inc.  All rights reserved.

C:\Xilinx\bin\nt\trce.exe -ise D:/AzMemari/Az0/Az0.ise -intstyle ise -e 3 -l 3
-s 5 -xml Adder4bit Adder4bit.ncd -o Adder4bit.twr Adder4bit.pcf -ucf
Adder4bit.ucf

Design file:              adder4bit.ncd
Physical constraint file: adder4bit.pcf
Device,speed:             xc3s400,-5 (PRODUCTION 1.38 2006-05-03)
Report level:             error report

Environment Variable      Effect 
--------------------      ------ 
NONE                      No environment variables were set
--------------------------------------------------------------------------------

INFO:Timing:2698 - No timing constraints found, doing default enumeration.
INFO:Timing:2752 - To get complete path coverage, use the unconstrained paths 
   option. All paths that are not constrained will be reported in the 
   unconstrained paths section(s) of the report.



Data Sheet report:
-----------------
All values displayed in nanoseconds (ns)

Pad to Pad
---------------+---------------+---------+
Source Pad     |Destination Pad|  Delay  |
---------------+---------------+---------+
m<0>           |z<0>           |    9.316|
m<0>           |z<1>           |    9.416|
m<0>           |z<2>           |    9.624|
m<0>           |z<3>           |   10.750|
m<1>           |z<1>           |    9.350|
m<1>           |z<2>           |    9.941|
m<1>           |z<3>           |   11.067|
m<2>           |z<2>           |    9.144|
m<2>           |z<3>           |    9.983|
m<3>           |z<3>           |    9.477|
n<0>           |z<0>           |    9.777|
n<0>           |z<1>           |    9.704|
n<0>           |z<2>           |   10.022|
n<0>           |z<3>           |   11.148|
n<1>           |z<1>           |    9.118|
n<1>           |z<2>           |    9.729|
n<1>           |z<3>           |   10.855|
n<2>           |z<2>           |    9.228|
n<2>           |z<3>           |    9.988|
n<3>           |z<3>           |    9.676|
---------------+---------------+---------+


Analysis completed Sun Sep 29 20:06:06 2019
--------------------------------------------------------------------------------

Trace Settings:
-------------------------
Trace Settings 

Peak Memory Usage: 108 MB



