Release 8.2i - xst I.31
Copyright (c) 1995-2006 Xilinx, Inc.  All rights reserved.
--> Parameter TMPDIR set to ./xst/projnav.tmp
CPU : 0.00 / 0.30 s | Elapsed : 0.00 / 1.00 s
 
--> Parameter xsthdpdir set to ./xst
CPU : 0.00 / 0.30 s | Elapsed : 0.00 / 1.00 s
 
--> Reading design: Datapath.prj

TABLE OF CONTENTS
  1) Synthesis Options Summary
  2) HDL Compilation
  3) Design Hierarchy Analysis
  4) HDL Analysis
  5) HDL Synthesis
     5.1) HDL Synthesis Report
  6) Advanced HDL Synthesis
     6.1) Advanced HDL Synthesis Report
  7) Low Level Synthesis
  8) Partition Report
  9) Final Report
     9.1) Device utilization summary
     9.2) TIMING REPORT


=========================================================================
*                      Synthesis Options Summary                        *
=========================================================================
---- Source Parameters
Input File Name                    : "Datapath.prj"
Input Format                       : mixed
Ignore Synthesis Constraint File   : NO

---- Target Parameters
Output File Name                   : "Datapath"
Output Format                      : NGC
Target Device                      : xc3s400-5-tq144

---- Source Options
Top Module Name                    : Datapath
Automatic FSM Extraction           : YES
FSM Encoding Algorithm             : Auto
FSM Style                          : lut
RAM Extraction                     : Yes
RAM Style                          : Auto
ROM Extraction                     : Yes
Mux Style                          : Auto
Decoder Extraction                 : YES
Priority Encoder Extraction        : YES
Shift Register Extraction          : YES
Logical Shifter Extraction         : YES
XOR Collapsing                     : YES
ROM Style                          : Auto
Mux Extraction                     : YES
Resource Sharing                   : YES
Multiplier Style                   : auto
Automatic Register Balancing       : No

---- Target Options
Add IO Buffers                     : YES
Global Maximum Fanout              : 500
Add Generic Clock Buffer(BUFG)     : 8
Register Duplication               : YES
Slice Packing                      : YES
Pack IO Registers into IOBs        : auto
Equivalent register Removal        : YES

---- General Options
Optimization Goal                  : Speed
Optimization Effort                : 1
Keep Hierarchy                     : NO
RTL Output                         : Yes
Global Optimization                : AllClockNets
Write Timing Constraints           : NO
Hierarchy Separator                : /
Bus Delimiter                      : <>
Case Specifier                     : maintain
Slice Utilization Ratio            : 100
Slice Utilization Ratio Delta      : 5

---- Other Options
lso                                : Datapath.lso
Read Cores                         : YES
cross_clock_analysis               : NO
verilog2001                        : YES
safe_implementation                : No
Optimize Instantiated Primitives   : NO
use_clock_enable                   : Yes
use_sync_set                       : Yes
use_sync_reset                     : Yes

=========================================================================


=========================================================================
*                          HDL Compilation                              *
=========================================================================
Compiling verilog file "Reg4bit.v" in library work
Compiling verilog file "BinTo7Seg.v" in library work
Module <Reg4bit> compiled
Compiling verilog file "Adder4bit.v" in library work
Module <BinTo7Seg> compiled
Compiling verilog file "Datapath.v" in library work
Module <Adder4bit> compiled
Module <Datapath> compiled
No errors in compilation
Analysis of file <"Datapath.prj"> succeeded.
 

=========================================================================
*                     Design Hierarchy Analysis                         *
=========================================================================
Analyzing hierarchy for module <Datapath> in library <work>.

Analyzing hierarchy for module <Reg4bit> in library <work>.

Analyzing hierarchy for module <Adder4bit> in library <work>.

Analyzing hierarchy for module <BinTo7Seg> in library <work>.

Building hierarchy successfully finished.

=========================================================================
*                            HDL Analysis                               *
=========================================================================
Analyzing top module <Datapath>.
Module <Datapath> is correct for synthesis.
 
Analyzing module <Reg4bit> in library <work>.
Module <Reg4bit> is correct for synthesis.
 
Analyzing module <Adder4bit> in library <work>.
Module <Adder4bit> is correct for synthesis.
 
Analyzing module <BinTo7Seg> in library <work>.
Module <BinTo7Seg> is correct for synthesis.
 

=========================================================================
*                           HDL Synthesis                               *
=========================================================================

Performing bidirectional port resolution...

Synthesizing Unit <Reg4bit>.
    Related source file is "Reg4bit.v".
    Found 4-bit register for signal <q>.
    Summary:
	inferred   4 D-type flip-flop(s).
Unit <Reg4bit> synthesized.


Synthesizing Unit <Adder4bit>.
    Related source file is "Adder4bit.v".
    Found 4-bit adder for signal <$addsub0000> created at line 26.
    Summary:
	inferred   1 Adder/Subtractor(s).
Unit <Adder4bit> synthesized.


Synthesizing Unit <BinTo7Seg>.
    Related source file is "BinTo7Seg.v".
    Found 16x7-bit ROM for signal <j>.
    Summary:
	inferred   1 ROM(s).
Unit <BinTo7Seg> synthesized.


Synthesizing Unit <Datapath>.
    Related source file is "Datapath.v".
Unit <Datapath> synthesized.


=========================================================================
HDL Synthesis Report

Macro Statistics
# ROMs                                                 : 3
 16x7-bit ROM                                          : 3
# Adders/Subtractors                                   : 1
 4-bit adder                                           : 1
# Registers                                            : 3
 4-bit register                                        : 3

=========================================================================

=========================================================================
*                       Advanced HDL Synthesis                          *
=========================================================================

Loading device for application Rf_Device from file '3s400.nph' in environment C:\Xilinx.

=========================================================================
Advanced HDL Synthesis Report

Macro Statistics
# ROMs                                                 : 3
 16x7-bit ROM                                          : 3
# Adders/Subtractors                                   : 1
 4-bit adder                                           : 1
# Registers                                            : 4
 Flip-Flops                                            : 4

=========================================================================

=========================================================================
*                         Low Level Synthesis                           *
=========================================================================

Optimizing unit <Datapath> ...

Mapping all equations...
Building and optimizing final netlist ...
Found area constraint ratio of 100 (+ 5) on block Datapath, actual ratio is 0.

Final Macro Processing ...

=========================================================================
Final Register Report

Macro Statistics
# Registers                                            : 12
 Flip-Flops                                            : 12

=========================================================================

=========================================================================
*                          Partition Report                             *
=========================================================================

Partition Implementation Status
-------------------------------

  No Partitions were found in this design.

-------------------------------

=========================================================================
*                            Final Report                               *
=========================================================================
Final Results
RTL Top Level Output File Name     : Datapath.ngr
Top Level Output File Name         : Datapath
Output Format                      : NGC
Optimization Goal                  : Speed
Keep Hierarchy                     : NO

Design Statistics
# IOs                              : 30

Cell Usage :
# BELS                             : 30
#      LUT3                        : 1
#      LUT4                        : 27
#      LUT4_D                      : 1
#      MUXF5                       : 1
# FlipFlops/Latches                : 12
#      FDE                         : 12
# Clock Buffers                    : 1
#      BUFGP                       : 1
# IO Buffers                       : 29
#      IBUF                        : 8
#      OBUF                        : 21
=========================================================================

Device utilization summary:
---------------------------

Selected Device : 3s400tq144-5 

 Number of Slices:                      16  out of   3584     0%  
 Number of Slice Flip Flops:            12  out of   7168     0%  
 Number of 4 input LUTs:                29  out of   7168     0%  
 Number of IOs:                         30
 Number of bonded IOBs:                 30  out of     97    30%  
 Number of GCLKs:                        1  out of      8    12%  


=========================================================================
TIMING REPORT

NOTE: THESE TIMING NUMBERS ARE ONLY A SYNTHESIS ESTIMATE.
      FOR ACCURATE TIMING INFORMATION PLEASE REFER TO THE TRACE REPORT
      GENERATED AFTER PLACE-and-ROUTE.

Clock Information:
------------------
-----------------------------------+------------------------+-------+
Clock Signal                       | Clock buffer(FF name)  | Load  |
-----------------------------------+------------------------+-------+
cl                                 | BUFGP                  | 12    |
-----------------------------------+------------------------+-------+

Asynchronous Control Signals Information:
----------------------------------------
No asynchronous control signals found in this design

Timing Summary:
---------------
Speed Grade: -5

   Minimum period: 3.736ns (Maximum Frequency: 267.648MHz)
   Minimum input arrival time before clock: 3.847ns
   Maximum output required time after clock: 7.962ns
   Maximum combinational path delay: No path found

Timing Detail:
--------------
All values displayed in nanoseconds (ns)

=========================================================================
Timing constraint: Default period analysis for Clock 'cl'
  Clock period: 3.736ns (frequency: 267.648MHz)
  Total number of paths / destination ports: 30 / 8
-------------------------------------------------------------------------
Delay:               3.736ns (Levels of Logic = 2)
  Source:            R2/q_3 (FF)
  Destination:       R3/q_3 (FF)
  Source Clock:      cl rising
  Destination Clock: cl rising

  Data Path: R2/q_3 to R3/q_3
                                Gate     Net
    Cell:in->out      fanout   Delay   Delay  Logical Name (Net Name)
    ----------------------------------------  ------------
     FDE:C->Q              9   0.626   1.125  R2/q_3 (R2/q_3)
     LUT4:I1->O            1   0.479   0.851  a/Madd__addsub0000__or00011_SW0 (N171)
     LUT4:I1->O            1   0.479   0.000  a/z<3>1 (p4<3>)
     FDE:D                     0.176          R3/q_3
    ----------------------------------------
    Total                      3.736ns (1.760ns logic, 1.976ns route)
                                       (47.1% logic, 52.9% route)

=========================================================================
Timing constraint: Default OFFSET IN BEFORE for Clock 'cl'
  Total number of paths / destination ports: 22 / 20
-------------------------------------------------------------------------
Offset:              3.847ns (Levels of Logic = 3)
  Source:            f (PAD)
  Destination:       R3/q_3 (FF)
  Destination Clock: cl rising

  Data Path: f to R3/q_3
                                Gate     Net
    Cell:in->out      fanout   Delay   Delay  Logical Name (Net Name)
    ----------------------------------------  ------------
     IBUF:I->O             6   0.715   1.148  f_IBUF (f_IBUF)
     LUT4:I0->O            1   0.479   0.851  a/Madd__addsub0000__or00011_SW0 (N171)
     LUT4:I1->O            1   0.479   0.000  a/z<3>1 (p4<3>)
     FDE:D                     0.176          R3/q_3
    ----------------------------------------
    Total                      3.847ns (1.849ns logic, 1.998ns route)
                                       (48.1% logic, 51.9% route)

=========================================================================
Timing constraint: Default OFFSET OUT AFTER for Clock 'cl'
  Total number of paths / destination ports: 84 / 21
-------------------------------------------------------------------------
Offset:              7.962ns (Levels of Logic = 2)
  Source:            R1/q_0 (FF)
  Destination:       x1<1> (PAD)
  Source Clock:      cl rising

  Data Path: R1/q_0 to x1<1>
                                Gate     Net
    Cell:in->out      fanout   Delay   Delay  Logical Name (Net Name)
    ----------------------------------------  ------------
     FDE:C->Q             11   0.626   1.267  R1/q_0 (R1/q_0)
     LUT4:I0->O            1   0.479   0.681  b1/Mrom_j2 (x1_1_OBUF)
     OBUF:I->O                 4.909          x1_1_OBUF (x1<1>)
    ----------------------------------------
    Total                      7.962ns (6.014ns logic, 1.948ns route)
                                       (75.5% logic, 24.5% route)

=========================================================================
CPU : 5.78 / 6.11 s | Elapsed : 6.00 / 7.00 s
 
--> 

Total memory usage is 134112 kilobytes

Number of errors   :    0 (   0 filtered)
Number of warnings :    0 (   0 filtered)
Number of infos    :    0 (   0 filtered)

