--------------------------------------------------------------------------------
Release 8.2i Trace 
Copyright (c) 1995-2006 Xilinx, Inc.  All rights reserved.

C:\Xilinx\bin\nt\trce.exe -ise D:/AzMemari/AZ3/Az3.ise -intstyle ise -e 3 -l 3
-s 5 -xml Datapath Datapath.ncd -o Datapath.twr Datapath.pcf -ucf Datapath.ucf

Design file:              datapath.ncd
Physical constraint file: datapath.pcf
Device,speed:             xc3s400,-5 (PRODUCTION 1.38 2006-05-03)
Report level:             error report

Environment Variable      Effect 
--------------------      ------ 
NONE                      No environment variables were set
--------------------------------------------------------------------------------

INFO:Timing:2698 - No timing constraints found, doing default enumeration.
INFO:Timing:2752 - To get complete path coverage, use the unconstrained paths 
   option. All paths that are not constrained will be reported in the 
   unconstrained paths section(s) of the report.



Data Sheet report:
-----------------
All values displayed in nanoseconds (ns)

Setup/Hold to clock cl
------------+------------+------------+------------------+--------+
            |  Setup to  |  Hold to   |                  | Clock  |
Source      | clk (edge) | clk (edge) |Internal Clock(s) | Phase  |
------------+------------+------------+------------------+--------+
f           |    1.852(R)|    1.382(R)|cl_BUFGP          |   0.000|
i<0>        |    0.601(R)|    2.070(R)|cl_BUFGP          |   0.000|
i<1>        |    0.586(R)|    2.087(R)|cl_BUFGP          |   0.000|
i<2>        |    0.586(R)|    2.087(R)|cl_BUFGP          |   0.000|
i<3>        |    0.586(R)|    2.087(R)|cl_BUFGP          |   0.000|
l1          |   -0.771(R)|    3.016(R)|cl_BUFGP          |   0.000|
l2          |    0.172(R)|    2.023(R)|cl_BUFGP          |   0.000|
l3          |    0.232(R)|    2.463(R)|cl_BUFGP          |   0.000|
------------+------------+------------+------------------+--------+

Clock cl to Pad
------------+------------+------------------+--------+
            | clk (edge) |                  | Clock  |
Destination |   to PAD   |Internal Clock(s) | Phase  |
------------+------------+------------------+--------+
x1<0>       |   15.691(R)|cl_BUFGP          |   0.000|
x1<1>       |   15.834(R)|cl_BUFGP          |   0.000|
x1<2>       |   15.776(R)|cl_BUFGP          |   0.000|
x1<3>       |   16.265(R)|cl_BUFGP          |   0.000|
x1<4>       |   15.702(R)|cl_BUFGP          |   0.000|
x1<5>       |   16.300(R)|cl_BUFGP          |   0.000|
x1<6>       |   15.826(R)|cl_BUFGP          |   0.000|
x2<0>       |   13.868(R)|cl_BUFGP          |   0.000|
x2<1>       |   13.696(R)|cl_BUFGP          |   0.000|
x2<2>       |   15.216(R)|cl_BUFGP          |   0.000|
x2<3>       |   14.502(R)|cl_BUFGP          |   0.000|
x2<4>       |   14.278(R)|cl_BUFGP          |   0.000|
x2<5>       |   14.350(R)|cl_BUFGP          |   0.000|
x2<6>       |   14.292(R)|cl_BUFGP          |   0.000|
x3<0>       |   14.410(R)|cl_BUFGP          |   0.000|
x3<1>       |   14.659(R)|cl_BUFGP          |   0.000|
x3<2>       |   14.157(R)|cl_BUFGP          |   0.000|
x3<3>       |   14.142(R)|cl_BUFGP          |   0.000|
x3<4>       |   13.975(R)|cl_BUFGP          |   0.000|
x3<5>       |   14.194(R)|cl_BUFGP          |   0.000|
x3<6>       |   13.910(R)|cl_BUFGP          |   0.000|
------------+------------+------------------+--------+

Clock to Setup on destination clock cl
---------------+---------+---------+---------+---------+
               | Src:Rise| Src:Fall| Src:Rise| Src:Fall|
Source Clock   |Dest:Rise|Dest:Rise|Dest:Fall|Dest:Fall|
---------------+---------+---------+---------+---------+
cl             |    3.204|         |         |         |
---------------+---------+---------+---------+---------+


Analysis completed Sun Oct 20 20:00:52 2019
--------------------------------------------------------------------------------

Trace Settings:
-------------------------
Trace Settings 

Peak Memory Usage: 108 MB



