iMPACT Version: 
iMPACT log file Started on Sun Oct 13 20:00:45 2019

// *** BATCH CMD : setPreference -pref AutoSignature:FALSE
// *** BATCH CMD : setPreference -pref KeepSVF:FALSE
// *** BATCH CMD : setPreference -pref ConcurrentMode:FALSE
// *** BATCH CMD : setPreference -pref UseHighz:FALSE
// *** BATCH CMD : setPreference -pref svfUseTime:FALSE
// *** BATCH CMD : setMode -bs
// *** BATCH CMD : setMode -bs
GUI --- Auto connect to cable...
// *** BATCH CMD : setCable -port auto
AutoDetecting cable. Please wait.
PROGRESS_START - Starting Operation.
Connecting to cable (Parallel Port - LPT1).
Checking cable driver.
 Driver windrvr6.sys version = 7.0.0.0. LPT base address = 0378h.
 ECP base address = FFFFFFFFh.
Cable connection established.
PROGRESS_END - End Operation.
Elapsed time =      0 sec.
Attempting to identify devices in the boundary-scan chain configuration...// *** BATCH CMD : Identify 
PROGRESS_START - Starting Operation.
Identifying chain contents ....'1': : Manufacturer's ID =Xilinx xc3s400, Version : 0
INFO:iMPACT:1777 - 
   Reading C:/Xilinx/spartan3/data/xc3s400.bsd...
INFO:iMPACT:501 - '1': Added Device xc3s400 successfully.
----------------------------------------------------------------------
----------------------------------------------------------------------
done.
Chain TCK freq = 0.
Validating chain...
Boundary-scan chain validated successfully.
PROGRESS_END - End Operation.
Elapsed time =      0 sec.
// *** BATCH CMD : identifyMPM 
// *** BATCH CMD : assignFile -p 1 -file "D:/AzMemari/Az2/Main/main.bit"
'1': Loading file 'D:/AzMemari/Az2/Main/main.bit' ...
done.
WARNING:iMPACT:2257 - Startup Clock has been changed to 'JtagClk' in the   bitstream stored in memory,
   but the original bitstream file remains unchanged.
INFO:iMPACT:501 - '1': Added Device xc3s400 successfully.
----------------------------------------------------------------------
----------------------------------------------------------------------
----------------------------------------------------------------------
----------------------------------------------------------------------
// *** BATCH CMD : Program -p 1 -defaultVersion 0 
PROGRESS_START - Starting Operation.
Chain TCK freq = 0.
Validating chain...
Boundary-scan chain validated successfully.
'1':Programming  device...
done.
'1': Reading status register contents...
CRC error                                         :         0
RESERVED                                          :         0
DCM locked                                        :         1
DCI Matched                                       :         1
legacy input error                                :         0
status of GTS_CFG_B                               :         0
status of GWE                                     :         0
status of GHIGH                                   :         0
value of MODE pin M0                              :         1
value of MODE pin M1                              :         0
value of MODE pin M2                              :         1
value of CFG_RDY (INIT_B)                         :         1
DONEIN input from DONE pin                        :         0
ID_ERROR                                          :         0
RESERVED                                          :         0
RESERVED                                          :         0
INFO:iMPACT:2219 - Status register values:
INFO:iMPACT - 0011 0000 1011 0000 0000 0000 0000 0000 
INFO:iMPACT:579 - '1': Completed downloading bit file to device.
INFO:iMPACT:580 - '1':Checking done pin ....done.
'1': Programming terminated, Done did not go high.
PROGRESS_END - End Operation.
Elapsed time =      8 sec.
// *** BATCH CMD : Program -p 1 -defaultVersion 0 
PROGRESS_START - Starting Operation.
Chain TCK freq = 0.
Validating chain...
Boundary-scan chain validated successfully.
'1':Programming  device...
done.
'1': Reading status register contents...
CRC error                                         :         0
RESERVED                                          :         0
DCM locked                                        :         1
DCI Matched                                       :         1
legacy input error                                :         0
status of GTS_CFG_B                               :         0
status of GWE                                     :         0
status of GHIGH                                   :         0
value of MODE pin M0                              :         1
value of MODE pin M1                              :         0
value of MODE pin M2                              :         1
value of CFG_RDY (INIT_B)                         :         1
DONEIN input from DONE pin                        :         0
ID_ERROR                                          :         0
RESERVED                                          :         0
RESERVED                                          :         0
INFO:iMPACT:2219 - Status register values:
INFO:iMPACT - 0011 0000 1011 0000 0000 0000 0000 0000 
INFO:iMPACT:579 - '1': Completed downloading bit file to device.
INFO:iMPACT:580 - '1':Checking done pin ....done.
'1': Programming terminated, Done did not go high.
PROGRESS_END - End Operation.
Elapsed time =      9 sec.
// *** BATCH CMD : Program -p 1 -defaultVersion 0 
PROGRESS_START - Starting Operation.
Chain TCK freq = 0.
Validating chain...
Boundary-scan chain validated successfully.
'1':Programming  device...
done.
'1': Reading status register contents...
CRC error                                         :         0
RESERVED                                          :         0
DCM locked                                        :         1
DCI Matched                                       :         1
legacy input error                                :         0
status of GTS_CFG_B                               :         1
status of GWE                                     :         1
status of GHIGH                                   :         1
value of MODE pin M0                              :         1
value of MODE pin M1                              :         0
value of MODE pin M2                              :         1
value of CFG_RDY (INIT_B)                         :         1
DONEIN input from DONE pin                        :         1
ID_ERROR                                          :         0
RESERVED                                          :         0
RESERVED                                          :         0
INFO:iMPACT:2219 - Status register values:
INFO:iMPACT - 0011 0111 1011 1000 0000 0000 0000 0000 
INFO:iMPACT:579 - '1': Completed downloading bit file to device.
INFO:iMPACT:580 - '1':Checking done pin ....done.
'1': Programmed successfully.
PROGRESS_END - End Operation.
Elapsed time =      8 sec.
